<?xml version="1.0" encoding="UTF-8"?>
<!-- Generated by org.testng.reporters.JUnitXMLReporter -->
<testsuite ignored="0" hostname="DESKTOP-UR75ULA" failures="0" tests="4" name="Test" time="74.847" errors="0" timestamp="2022-07-19T17:30:45 IST">
  <testcase classname="akshatSwitch.L192_HomePage" name="basePageNavigation" time="15.365"/>
  <testcase classname="akshatSwitch.L192_HomePage" name="basePageNavigation" time="7.802"/>
  <testcase classname="akshatSwitch.L198_validateNavBar" name="basePageNavigation" time="2.125"/>
  <testcase classname="akshatSwitch.L196_validateTitle" name="basePageNavigation" time="2.091"/>
</testsuite> <!-- Test -->
